<?xml version="1.0" encoding="UTF-8"?>
<testng-results skipped="0" failed="0" ignored="0" total="1" passed="1">
  <reporter-output>
  </reporter-output>
  <suite name="Default suite" duration-ms="37937" started-at="2019-01-06T14:16:54Z" finished-at="2019-01-06T14:17:32Z">
    <groups>
    </groups>
    <test name="Default test" duration-ms="37937" started-at="2019-01-06T14:16:54Z" finished-at="2019-01-06T14:17:32Z">
      <class name="screenRecorderTestCase.SwitchingGoogleFacebook">
        <test-method status="PASS" signature="setup()[pri:0, instance:screenRecorderTestCase.SwitchingGoogleFacebook@553f17c]" name="setup" is-config="true" duration-ms="16554" started-at="2019-01-06T14:16:54Z" finished-at="2019-01-06T14:17:10Z">
          <reporter-output>
          </reporter-output>
        </test-method> <!-- setup -->
        <test-method status="PASS" signature="navigation_FeatureTest()[pri:0, instance:screenRecorderTestCase.SwitchingGoogleFacebook@553f17c]" name="navigation_FeatureTest" duration-ms="20373" started-at="2019-01-06T14:17:10Z" finished-at="2019-01-06T14:17:31Z">
          <reporter-output>
          </reporter-output>
        </test-method> <!-- navigation_FeatureTest -->
        <test-method status="PASS" signature="tearDown()[pri:0, instance:screenRecorderTestCase.SwitchingGoogleFacebook@553f17c]" name="tearDown" is-config="true" duration-ms="943" started-at="2019-01-06T14:17:31Z" finished-at="2019-01-06T14:17:32Z">
          <reporter-output>
          </reporter-output>
        </test-method> <!-- tearDown -->
      </class> <!-- screenRecorderTestCase.SwitchingGoogleFacebook -->
    </test> <!-- Default test -->
  </suite> <!-- Default suite -->
</testng-results>
